{"level":"info","message":"Hello from Acquire API!","service":"acquire-API"}
{"level":"info","message":"::1 - - [24/Sep/2025:06:56:12 +0000] \"GET / HTTP/1.1\" 304 - \"-\" \"Mozilla/5.0 (Macintosh; Intel Mac OS X 10_15_7) AppleWebKit/537.36 (KHTML, like Gecko) Chrome/140.0.0.0 Safari/537.36\"","service":"acquire-API"}
{"level":"info","message":"Hello from Acquire API!","service":"acquire-API"}
{"level":"info","message":"::1 - - [24/Sep/2025:07:09:01 +0000] \"GET / HTTP/1.1\" 200 9 \"-\" \"PostmanRuntime/7.45.0\"","service":"acquire-API"}
{"level":"info","message":"Hello from Acquire API!","service":"acquire-API"}
{"level":"info","message":"::1 - - [24/Sep/2025:07:09:13 +0000] \"GET / HTTP/1.1\" 200 9 \"-\" \"PostmanRuntime/7.45.0\"","service":"acquire-API"}
{"level":"info","message":"::1 - - [24/Sep/2025:07:09:22 +0000] \"GET /health HTTP/1.1\" 200 76 \"-\" \"PostmanRuntime/7.45.0\"","service":"acquire-API"}
{"level":"info","message":"::1 - - [24/Sep/2025:07:09:38 +0000] \"POST /api/auth/sign-in HTTP/1.1\" 200 22 \"-\" \"PostmanRuntime/7.45.0\"","service":"acquire-API"}
{"level":"info","message":"::1 - - [24/Sep/2025:07:38:06 +0000] \"POST /api/auth/sign-up HTTP/1.1\" 200 22 \"-\" \"PostmanRuntime/7.45.0\"","service":"acquire-API"}
{"level":"info","message":"Hello from Acquire API!","service":"acquire-API"}
{"level":"info","message":"::1 - - [24/Sep/2025:07:43:13 +0000] \"GET / HTTP/1.1\" 304 - \"-\" \"Mozilla/5.0 (Macintosh; Intel Mac OS X 10_15_7) AppleWebKit/537.36 (KHTML, like Gecko) Chrome/140.0.0.0 Safari/537.36\"","service":"acquire-API"}
{"level":"error","message":"Signup Error res is not defined","service":"acquire-API","stack":"ReferenceError: res is not defined\n    at signup (file:///Users/avishekmukherjee/Documents/acquire_API/src/controllers/auth.controller.js:10:13)\n    at Layer.handleRequest (/Users/avishekmukherjee/Documents/acquire_API/node_modules/router/lib/layer.js:152:17)\n    at next (/Users/avishekmukherjee/Documents/acquire_API/node_modules/router/lib/route.js:157:13)\n    at Route.dispatch (/Users/avishekmukherjee/Documents/acquire_API/node_modules/router/lib/route.js:117:3)\n    at handle (/Users/avishekmukherjee/Documents/acquire_API/node_modules/router/index.js:435:11)\n    at Layer.handleRequest (/Users/avishekmukherjee/Documents/acquire_API/node_modules/router/lib/layer.js:152:17)\n    at /Users/avishekmukherjee/Documents/acquire_API/node_modules/router/index.js:295:15\n    at processParams (/Users/avishekmukherjee/Documents/acquire_API/node_modules/router/index.js:582:12)\n    at next (/Users/avishekmukherjee/Documents/acquire_API/node_modules/router/index.js:291:5)\n    at router.handle (/Users/avishekmukherjee/Documents/acquire_API/node_modules/router/index.js:186:3)"}
{"level":"info","message":"::1 - - [24/Sep/2025:07:43:21 +0000] \"POST /api/auth/sign-up HTTP/1.1\" 500 1331 \"-\" \"PostmanRuntime/7.45.0\"","service":"acquire-API"}
{"level":"error","message":"Signup Error res is not defined","service":"acquire-API","stack":"ReferenceError: res is not defined\n    at signup (file:///Users/avishekmukherjee/Documents/acquire_API/src/controllers/auth.controller.js:10:13)\n    at Layer.handleRequest (/Users/avishekmukherjee/Documents/acquire_API/node_modules/router/lib/layer.js:152:17)\n    at next (/Users/avishekmukherjee/Documents/acquire_API/node_modules/router/lib/route.js:157:13)\n    at Route.dispatch (/Users/avishekmukherjee/Documents/acquire_API/node_modules/router/lib/route.js:117:3)\n    at handle (/Users/avishekmukherjee/Documents/acquire_API/node_modules/router/index.js:435:11)\n    at Layer.handleRequest (/Users/avishekmukherjee/Documents/acquire_API/node_modules/router/lib/layer.js:152:17)\n    at /Users/avishekmukherjee/Documents/acquire_API/node_modules/router/index.js:295:15\n    at processParams (/Users/avishekmukherjee/Documents/acquire_API/node_modules/router/index.js:582:12)\n    at next (/Users/avishekmukherjee/Documents/acquire_API/node_modules/router/index.js:291:5)\n    at router.handle (/Users/avishekmukherjee/Documents/acquire_API/node_modules/router/index.js:186:3)"}
{"level":"info","message":"::1 - - [24/Sep/2025:07:43:27 +0000] \"POST /api/auth/sign-up HTTP/1.1\" 500 1331 \"-\" \"PostmanRuntime/7.45.0\"","service":"acquire-API"}
{"level":"info","message":"::1 - - [24/Sep/2025:07:45:30 +0000] \"POST /api/auth/sign-up HTTP/1.1\" 400 59 \"-\" \"PostmanRuntime/7.45.0\"","service":"acquire-API"}
{"level":"info","message":"::1 - - [24/Sep/2025:07:45:35 +0000] \"POST /api/auth/sign-up HTTP/1.1\" 400 59 \"-\" \"PostmanRuntime/7.45.0\"","service":"acquire-API"}
{"level":"info","message":"User Registered Successfully, aa@aa.com","service":"acquire-API"}
{"level":"info","message":"::1 - - [24/Sep/2025:07:47:34 +0000] \"POST /api/auth/sign-up HTTP/1.1\" 201 93 \"-\" \"PostmanRuntime/7.45.0\"","service":"acquire-API"}
{"level":"error","message":"Signup Error password is not defined","service":"acquire-API","stack":"ReferenceError: password is not defined\n    at signup (file:///Users/avishekmukherjee/Documents/acquire_API/src/controllers/auth.controller.js:21:54)\n    at Layer.handleRequest (/Users/avishekmukherjee/Documents/acquire_API/node_modules/router/lib/layer.js:152:17)\n    at next (/Users/avishekmukherjee/Documents/acquire_API/node_modules/router/lib/route.js:157:13)\n    at Route.dispatch (/Users/avishekmukherjee/Documents/acquire_API/node_modules/router/lib/route.js:117:3)\n    at handle (/Users/avishekmukherjee/Documents/acquire_API/node_modules/router/index.js:435:11)\n    at Layer.handleRequest (/Users/avishekmukherjee/Documents/acquire_API/node_modules/router/lib/layer.js:152:17)\n    at /Users/avishekmukherjee/Documents/acquire_API/node_modules/router/index.js:295:15\n    at processParams (/Users/avishekmukherjee/Documents/acquire_API/node_modules/router/index.js:582:12)\n    at next (/Users/avishekmukherjee/Documents/acquire_API/node_modules/router/index.js:291:5)\n    at router.handle (/Users/avishekmukherjee/Documents/acquire_API/node_modules/router/index.js:186:3)"}
{"level":"info","message":"::1 - - [24/Sep/2025:15:23:03 +0000] \"POST /api/auth/sign-up HTTP/1.1\" 500 1336 \"-\" \"PostmanRuntime/7.47.1\"","service":"acquire-API"}
{"level":"info","message":"User bb@bb.com created sucessfully!","service":"acquire-API"}
{"level":"error","message":"Signup Error cookies is not defined","service":"acquire-API","stack":"ReferenceError: cookies is not defined\n    at signup (file:///Users/avishekmukherjee/Documents/acquire_API/src/controllers/auth.controller.js:25:9)\n    at process.processTicksAndRejections (node:internal/process/task_queues:105:5)"}
{"level":"info","message":"::1 - - [24/Sep/2025:15:24:19 +0000] \"POST /api/auth/sign-up HTTP/1.1\" 500 383 \"-\" \"PostmanRuntime/7.47.1\"","service":"acquire-API"}
{"level":"error","message":"Error Creating User : Error: Failed query: insert into \"users\" (\"id\", \"name\", \"email\", \"password\", \"role\", \"created_at\", \"updated_at\") values (default, $1, $2, $3, $4, default, default) returning \"id\", \"name\", \"email\", \"role\", \"created_at\"\nparams: Ravi,bb@bb.com,$2b$10$LCVoaNm04aBkP0uwjqlA8.Q.8IYhYfijBR0J3SIsda7NktPBEAYw2,admin","service":"acquire-API"}
{"cause":{"code":"23505","constraint":"users_email_unique","detail":"Key (email)=(bb@bb.com) already exists.","file":"nbtinsert.c","line":"666","name":"NeonDbError","routine":"_bt_check_unique","schema":"public","severity":"ERROR","table":"users"},"level":"error","message":"Signup Error Failed query: insert into \"users\" (\"id\", \"name\", \"email\", \"password\", \"role\", \"created_at\", \"updated_at\") values (default, $1, $2, $3, $4, default, default) returning \"id\", \"name\", \"email\", \"role\", \"created_at\"\nparams: Ravi,bb@bb.com,$2b$10$LCVoaNm04aBkP0uwjqlA8.Q.8IYhYfijBR0J3SIsda7NktPBEAYw2,admin","params":["Ravi","bb@bb.com","$2b$10$LCVoaNm04aBkP0uwjqlA8.Q.8IYhYfijBR0J3SIsda7NktPBEAYw2","admin"],"query":"insert into \"users\" (\"id\", \"name\", \"email\", \"password\", \"role\", \"created_at\", \"updated_at\") values (default, $1, $2, $3, $4, default, default) returning \"id\", \"name\", \"email\", \"role\", \"created_at\"","service":"acquire-API","stack":"Error: Failed query: insert into \"users\" (\"id\", \"name\", \"email\", \"password\", \"role\", \"created_at\", \"updated_at\") values (default, $1, $2, $3, $4, default, default) returning \"id\", \"name\", \"email\", \"role\", \"created_at\"\nparams: Ravi,bb@bb.com,$2b$10$LCVoaNm04aBkP0uwjqlA8.Q.8IYhYfijBR0J3SIsda7NktPBEAYw2,admin\n    at NeonHttpPreparedQuery.queryWithCache (file:///Users/avishekmukherjee/Documents/acquire_API/node_modules/drizzle-orm/pg-core/session.js:41:15)\n    at process.processTicksAndRejections (node:internal/process/task_queues:105:5)\n    at async NeonHttpPreparedQuery.execute (file:///Users/avishekmukherjee/Documents/acquire_API/node_modules/drizzle-orm/neon-http/session.js:45:20)\n    at async createUser (file:///Users/avishekmukherjee/Documents/acquire_API/src/services/auth.service.js:20:26)\n    at async signup (file:///Users/avishekmukherjee/Documents/acquire_API/src/controllers/auth.controller.js:22:22)"}
{"level":"info","message":"::1 - - [24/Sep/2025:15:24:57 +0000] \"POST /api/auth/sign-up HTTP/1.1\" 500 1244 \"-\" \"PostmanRuntime/7.47.1\"","service":"acquire-API"}
{"level":"error","message":"Error Creating User : Error: Failed query: insert into \"users\" (\"id\", \"name\", \"email\", \"password\", \"role\", \"created_at\", \"updated_at\") values (default, $1, $2, $3, $4, default, default) returning \"id\", \"name\", \"email\", \"role\", \"created_at\"\nparams: Ravi,bb@bb.com,$2b$10$vucJSLdi15Yv0QfY4dYm0.v7QwEw1QBtSbzgOV9Ts9P/iy0yOFbsq,admin","service":"acquire-API"}
{"cause":{"code":"23505","constraint":"users_email_unique","detail":"Key (email)=(bb@bb.com) already exists.","file":"nbtinsert.c","line":"666","name":"NeonDbError","routine":"_bt_check_unique","schema":"public","severity":"ERROR","table":"users"},"level":"error","message":"Signup Error Failed query: insert into \"users\" (\"id\", \"name\", \"email\", \"password\", \"role\", \"created_at\", \"updated_at\") values (default, $1, $2, $3, $4, default, default) returning \"id\", \"name\", \"email\", \"role\", \"created_at\"\nparams: Ravi,bb@bb.com,$2b$10$vucJSLdi15Yv0QfY4dYm0.v7QwEw1QBtSbzgOV9Ts9P/iy0yOFbsq,admin","params":["Ravi","bb@bb.com","$2b$10$vucJSLdi15Yv0QfY4dYm0.v7QwEw1QBtSbzgOV9Ts9P/iy0yOFbsq","admin"],"query":"insert into \"users\" (\"id\", \"name\", \"email\", \"password\", \"role\", \"created_at\", \"updated_at\") values (default, $1, $2, $3, $4, default, default) returning \"id\", \"name\", \"email\", \"role\", \"created_at\"","service":"acquire-API","stack":"Error: Failed query: insert into \"users\" (\"id\", \"name\", \"email\", \"password\", \"role\", \"created_at\", \"updated_at\") values (default, $1, $2, $3, $4, default, default) returning \"id\", \"name\", \"email\", \"role\", \"created_at\"\nparams: Ravi,bb@bb.com,$2b$10$vucJSLdi15Yv0QfY4dYm0.v7QwEw1QBtSbzgOV9Ts9P/iy0yOFbsq,admin\n    at NeonHttpPreparedQuery.queryWithCache (file:///Users/avishekmukherjee/Documents/acquire_API/node_modules/drizzle-orm/pg-core/session.js:41:15)\n    at process.processTicksAndRejections (node:internal/process/task_queues:105:5)\n    at async NeonHttpPreparedQuery.execute (file:///Users/avishekmukherjee/Documents/acquire_API/node_modules/drizzle-orm/neon-http/session.js:45:20)\n    at async createUser (file:///Users/avishekmukherjee/Documents/acquire_API/src/services/auth.service.js:20:26)\n    at async signup (file:///Users/avishekmukherjee/Documents/acquire_API/src/controllers/auth.controller.js:22:22)"}
{"level":"info","message":"::1 - - [24/Sep/2025:15:30:32 +0000] \"POST /api/auth/sign-up HTTP/1.1\" 500 1244 \"-\" \"PostmanRuntime/7.47.1\"","service":"acquire-API"}
{"level":"info","message":"Hello from Acquire API!","service":"acquire-API"}
{"level":"info","message":"::1 - - [24/Sep/2025:15:30:40 +0000] \"GET / HTTP/1.1\" 304 - \"-\" \"Mozilla/5.0 (Macintosh; Intel Mac OS X 10_15_7) AppleWebKit/537.36 (KHTML, like Gecko) Chrome/140.0.0.0 Safari/537.36\"","service":"acquire-API"}
{"level":"info","message":"Hello from Acquire API!","service":"acquire-API"}
{"level":"info","message":"::1 - - [24/Sep/2025:15:30:41 +0000] \"GET / HTTP/1.1\" 304 - \"-\" \"Mozilla/5.0 (Macintosh; Intel Mac OS X 10_15_7) AppleWebKit/537.36 (KHTML, like Gecko) Chrome/140.0.0.0 Safari/537.36\"","service":"acquire-API"}
{"level":"info","message":"Hello from Acquire API!","service":"acquire-API"}
{"level":"info","message":"::1 - - [24/Sep/2025:15:30:41 +0000] \"GET / HTTP/1.1\" 304 - \"-\" \"Mozilla/5.0 (Macintosh; Intel Mac OS X 10_15_7) AppleWebKit/537.36 (KHTML, like Gecko) Chrome/140.0.0.0 Safari/537.36\"","service":"acquire-API"}
{"level":"error","message":"Error Creating User : Error: User with this Email already exists","service":"acquire-API"}
{"level":"error","message":"Signup Error User with this Email already exists","service":"acquire-API","stack":"Error: User with this Email already exists\n    at createUser (file:///Users/avishekmukherjee/Documents/acquire_API/src/services/auth.service.js:25:19)\n    at process.processTicksAndRejections (node:internal/process/task_queues:105:5)\n    at async signup (file:///Users/avishekmukherjee/Documents/acquire_API/src/controllers/auth.controller.js:22:22)"}
{"level":"info","message":"::1 - - [24/Sep/2025:15:33:50 +0000] \"POST /api/auth/sign-up HTTP/1.1\" 409 31 \"-\" \"PostmanRuntime/7.47.1\"","service":"acquire-API"}
{"level":"info","message":"User bb@bb.com authenticated successfully!","service":"acquire-API"}
{"level":"info","message":"User signed in successfully, bb@bb.com","service":"acquire-API"}
{"level":"info","message":"::1 - - [05/Oct/2025:14:06:25 +0000] \"POST /api/auth/sign-in HTTP/1.1\" 200 94 \"-\" \"PostmanRuntime/7.47.1\"","service":"acquire-API"}
{"level":"info","message":"User signed out successfully","service":"acquire-API"}
{"level":"info","message":"::1 - - [05/Oct/2025:14:06:50 +0000] \"POST /api/auth/sign-out HTTP/1.1\" 200 43 \"-\" \"PostmanRuntime/7.47.1\"","service":"acquire-API"}
{"ip":"::1","level":"info","message":"Arcjet decision for guest:","path":"/health","reason":"[object Object]","service":"acquire-API"}
{"ip":"::1","level":"warn","message":"Bot Request Blocked!","path":"/health","service":"acquire-API","userAgent":"PostmanRuntime/7.48.0"}
{"level":"info","message":"::1 - - [06/Oct/2025:07:31:13 +0000] \"GET /health HTTP/1.1\" 403 69 \"-\" \"PostmanRuntime/7.48.0\"","service":"acquire-API"}
{"ip":"::1","level":"info","message":"Arcjet decision for guest:","path":"/health","reason":"[object Object]","service":"acquire-API"}
{"ip":"::1","level":"warn","message":"Bot Request Blocked!","path":"/health","service":"acquire-API","userAgent":"PostmanRuntime/7.48.0"}
{"level":"info","message":"::1 - - [06/Oct/2025:07:31:45 +0000] \"GET /health HTTP/1.1\" 403 69 \"-\" \"PostmanRuntime/7.48.0\"","service":"acquire-API"}
{"level":"info","message":"::1 - - [06/Oct/2025:07:31:46 +0000] \"GET /health HTTP/1.1\" - - \"-\" \"PostmanRuntime/7.48.0\"","service":"acquire-API"}
{"ip":"::1","level":"info","message":"Arcjet decision for guest:","path":"/health","reason":"[object Object]","service":"acquire-API"}
{"ip":"::1","level":"warn","message":"Bot Request Blocked!","path":"/health","service":"acquire-API","userAgent":"PostmanRuntime/7.48.0"}
{"level":"info","message":"::1 - - [06/Oct/2025:07:31:46 +0000] \"GET /health HTTP/1.1\" - - \"-\" \"PostmanRuntime/7.48.0\"","service":"acquire-API"}
{"ip":"::1","level":"info","message":"Arcjet decision for guest:","path":"/health","reason":"[object Object]","service":"acquire-API"}
{"ip":"::1","level":"warn","message":"Bot Request Blocked!","path":"/health","service":"acquire-API","userAgent":"PostmanRuntime/7.48.0"}
{"ip":"::1","level":"info","message":"Arcjet decision for guest:","path":"/health","reason":"[object Object]","service":"acquire-API"}
{"ip":"::1","level":"warn","message":"Bot Request Blocked!","path":"/health","service":"acquire-API","userAgent":"PostmanRuntime/7.48.0"}
{"level":"info","message":"::1 - - [06/Oct/2025:07:31:48 +0000] \"GET /health HTTP/1.1\" 403 69 \"-\" \"PostmanRuntime/7.48.0\"","service":"acquire-API"}
{"ip":"::1","level":"info","message":"Arcjet decision for guest:","path":"/health","reason":"[object Object]","service":"acquire-API"}
{"ip":"::1","level":"warn","message":"Bot Request Blocked!","path":"/health","service":"acquire-API","userAgent":"PostmanRuntime/7.48.0"}
{"level":"info","message":"::1 - - [06/Oct/2025:08:30:55 +0000] \"GET /health HTTP/1.1\" 403 69 \"-\" \"PostmanRuntime/7.48.0\"","service":"acquire-API"}
{"ip":"::1","level":"info","message":"Arcjet decision for guest:","path":"/health","reason":"[object Object]","service":"acquire-API"}
{"ip":"::1","level":"warn","message":"Bot Request Blocked!","path":"/health","service":"acquire-API","userAgent":"PostmanRuntime/7.48.0"}
{"level":"info","message":"::1 - - [06/Oct/2025:08:30:56 +0000] \"GET /health HTTP/1.1\" 403 69 \"-\" \"PostmanRuntime/7.48.0\"","service":"acquire-API"}
{"ip":"::1","level":"info","message":"Arcjet decision for guest:","path":"/health","reason":"[object Object]","service":"acquire-API"}
{"ip":"::1","level":"warn","message":"Bot Request Blocked!","path":"/health","service":"acquire-API","userAgent":"PostmanRuntime/7.48.0"}
{"level":"info","message":"::1 - - [06/Oct/2025:08:30:56 +0000] \"GET /health HTTP/1.1\" 403 69 \"-\" \"PostmanRuntime/7.48.0\"","service":"acquire-API"}
{"ip":"::1","level":"info","message":"Arcjet decision for guest:","path":"/health","reason":"[object Object]","service":"acquire-API"}
{"ip":"::1","level":"warn","message":"Bot Request Blocked!","path":"/health","service":"acquire-API","userAgent":"PostmanRuntime/7.48.0"}
{"level":"info","message":"::1 - - [06/Oct/2025:08:30:57 +0000] \"GET /health HTTP/1.1\" 403 69 \"-\" \"PostmanRuntime/7.48.0\"","service":"acquire-API"}
{"ip":"::1","level":"info","message":"Arcjet decision for guest:","path":"/health","reason":"[object Object]","service":"acquire-API"}
{"ip":"::1","level":"warn","message":"Bot Request Blocked!","path":"/health","service":"acquire-API","userAgent":"PostmanRuntime/7.48.0"}
{"level":"info","message":"::1 - - [06/Oct/2025:08:30:58 +0000] \"GET /health HTTP/1.1\" 403 69 \"-\" \"PostmanRuntime/7.48.0\"","service":"acquire-API"}
{"ip":"::1","level":"warn","message":"Bot request blocked","path":"/health","service":"acquire-API","userAgent":"PostmanRuntime/7.48.0"}
{"level":"info","message":"::1 - - [06/Oct/2025:08:33:28 +0000] \"GET /health HTTP/1.1\" 403 68 \"-\" \"PostmanRuntime/7.48.0\"","service":"acquire-API"}
{"ip":"::1","level":"warn","message":"Bot request blocked","path":"/health","service":"acquire-API","userAgent":"PostmanRuntime/7.48.0"}
{"level":"info","message":"::1 - - [06/Oct/2025:08:33:28 +0000] \"GET /health HTTP/1.1\" 403 68 \"-\" \"PostmanRuntime/7.48.0\"","service":"acquire-API"}
{"ip":"::1","level":"warn","message":"Bot request blocked","path":"/health","service":"acquire-API","userAgent":"PostmanRuntime/7.48.0"}
{"level":"info","message":"::1 - - [06/Oct/2025:08:34:57 +0000] \"GET /health HTTP/1.1\" 403 68 \"-\" \"PostmanRuntime/7.48.0\"","service":"acquire-API"}
{"ip":"::1","level":"warn","message":"Bot request blocked","path":"/health","service":"acquire-API","userAgent":"PostmanRuntime/7.48.0"}
{"level":"info","message":"::1 - - [06/Oct/2025:08:34:57 +0000] \"GET /health HTTP/1.1\" 403 68 \"-\" \"PostmanRuntime/7.48.0\"","service":"acquire-API"}
{"ip":"::1","level":"warn","message":"Bot request blocked","path":"/health","service":"acquire-API","userAgent":"PostmanRuntime/7.48.0"}
{"level":"info","message":"::1 - - [06/Oct/2025:08:36:06 +0000] \"GET /health HTTP/1.1\" 403 68 \"-\" \"PostmanRuntime/7.48.0\"","service":"acquire-API"}
{"ip":"::1","level":"warn","message":"Bot request blocked","path":"/health","service":"acquire-API","userAgent":"PostmanRuntime/7.48.0"}
{"level":"info","message":"::1 - - [06/Oct/2025:08:36:07 +0000] \"GET /health HTTP/1.1\" 403 68 \"-\" \"PostmanRuntime/7.48.0\"","service":"acquire-API"}
{"ip":"::1","level":"warn","message":"Bot request blocked","path":"/health","service":"acquire-API","userAgent":"PostmanRuntime/7.48.0"}
{"level":"info","message":"::1 - - [06/Oct/2025:08:36:08 +0000] \"GET /health HTTP/1.1\" 403 68 \"-\" \"PostmanRuntime/7.48.0\"","service":"acquire-API"}
{"ip":"::1","level":"warn","message":"Bot request blocked","path":"/health","service":"acquire-API","userAgent":"PostmanRuntime/7.48.0"}
{"level":"info","message":"::1 - - [06/Oct/2025:08:38:50 +0000] \"GET /health HTTP/1.1\" 403 68 \"-\" \"PostmanRuntime/7.48.0\"","service":"acquire-API"}
{"ip":"::1","level":"warn","message":"Bot request blocked","path":"/health","service":"acquire-API","userAgent":"PostmanRuntime/7.48.0"}
{"level":"info","message":"::1 - - [06/Oct/2025:08:38:51 +0000] \"GET /health HTTP/1.1\" 403 68 \"-\" \"PostmanRuntime/7.48.0\"","service":"acquire-API"}
{"level":"info","message":"::1 - - [06/Oct/2025:08:43:55 +0000] \"GET /health HTTP/1.1\" 200 76 \"-\" \"curl/8.7.1\"","service":"acquire-API"}
{"level":"info","message":"::1 - - [06/Oct/2025:08:44:14 +0000] \"GET /health HTTP/1.1\" 200 76 \"-\" \"PostmanRuntime/7.48.0\"","service":"acquire-API"}
{"level":"info","message":"::1 - - [06/Oct/2025:08:44:39 +0000] \"GET /health HTTP/1.1\" 200 75 \"-\" \"PostmanRuntime/7.48.0\"","service":"acquire-API"}
{"level":"info","message":"::1 - - [06/Oct/2025:08:44:47 +0000] \"GET /health HTTP/1.1\" 200 74 \"-\" \"PostmanRuntime/7.48.0\"","service":"acquire-API"}
{"level":"info","message":"::1 - - [06/Oct/2025:08:44:49 +0000] \"GET /health HTTP/1.1\" 200 76 \"-\" \"PostmanRuntime/7.48.0\"","service":"acquire-API"}
{"level":"info","message":"::1 - - [06/Oct/2025:08:44:50 +0000] \"GET /health HTTP/1.1\" 200 76 \"-\" \"PostmanRuntime/7.48.0\"","service":"acquire-API"}
{"ip":"::1","level":"warn","message":"Rate limit exceeded","path":"/health","service":"acquire-API","userAgent":"PostmanRuntime/7.48.0"}
{"level":"info","message":"::1 - - [06/Oct/2025:08:44:51 +0000] \"GET /health HTTP/1.1\" 403 51 \"-\" \"PostmanRuntime/7.48.0\"","service":"acquire-API"}
{"ip":"::1","level":"warn","message":"Rate limit exceeded","path":"/health","service":"acquire-API","userAgent":"PostmanRuntime/7.48.0"}
{"level":"info","message":"::1 - - [06/Oct/2025:08:44:51 +0000] \"GET /health HTTP/1.1\" 403 51 \"-\" \"PostmanRuntime/7.48.0\"","service":"acquire-API"}
